<?xml version="1.0" encoding="UTF-8"?>
<!-- Generated by org.testng.reporters.JUnitXMLReporter -->
<testsuite hostname="Sergeys-MacBook-Pro.local" ignored="0" name="Default test" tests="100" failures="1" timestamp="23 Sep 2017 23:19:45 GMT" time="506.049" errors="0">
  <testcase name="test" time="10.133" classname="core.PrimeNumberCheckerTest">
    <failure type="java.lang.AssertionError" message="
Expected: &amp;lt;false&amp;gt;
     but: was &amp;lt;true&amp;gt;">
      <![CDATA[java.lang.AssertionError: 
Expected: <false>
     but: was <true>
	at org.hamcrest.MatcherAssert.assertThat(MatcherAssert.java:18)
	at org.hamcrest.MatcherAssert.assertThat(MatcherAssert.java:6)
	at core.PrimeNumberCheckerTest.test(PrimeNumberCheckerTest.java:35)
	at sun.reflect.NativeMethodAccessorImpl.invoke0(Native Method)
	at sun.reflect.NativeMethodAccessorImpl.invoke(NativeMethodAccessorImpl.java:62)
	at sun.reflect.DelegatingMethodAccessorImpl.invoke(DelegatingMethodAccessorImpl.java:43)
	at java.lang.reflect.Method.invoke(Method.java:498)
	at org.testng.internal.MethodInvocationHelper.invokeMethod(MethodInvocationHelper.java:108)
	at org.testng.internal.InvokeMethodRunnable.runOne(InvokeMethodRunnable.java:54)
	at org.testng.internal.InvokeMethodRunnable.run(InvokeMethodRunnable.java:44)
	at java.util.concurrent.Executors$RunnableAdapter.call(Executors.java:511)
	at java.util.concurrent.FutureTask.run(FutureTask.java:266)
	at java.util.concurrent.ThreadPoolExecutor.runWorker(ThreadPoolExecutor.java:1142)
	at java.util.concurrent.ThreadPoolExecutor$Worker.run(ThreadPoolExecutor.java:617)
	at java.lang.Thread.run(Thread.java:748)
]]>
    </failure>
  </testcase> <!-- test -->
  <testcase name="test" time="5.012" classname="core.PrimeNumberCheckerTest"/>
  <testcase name="test" time="5.015" classname="core.PrimeNumberCheckerTest"/>
  <testcase name="test" time="5.008" classname="core.PrimeNumberCheckerTest"/>
  <testcase name="test" time="5.009" classname="core.PrimeNumberCheckerTest"/>
  <testcase name="test" time="5.008" classname="core.PrimeNumberCheckerTest"/>
  <testcase name="test" time="5.01" classname="core.PrimeNumberCheckerTest"/>
  <testcase name="test" time="5.004" classname="core.PrimeNumberCheckerTest"/>
  <testcase name="test" time="5.004" classname="core.PrimeNumberCheckerTest"/>
  <testcase name="test" time="5.012" classname="core.PrimeNumberCheckerTest"/>
  <testcase name="test" time="5.008" classname="core.PrimeNumberCheckerTest"/>
  <testcase name="test" time="5.005" classname="core.PrimeNumberCheckerTest"/>
  <testcase name="test" time="5.004" classname="core.PrimeNumberCheckerTest"/>
  <testcase name="test" time="5.011" classname="core.PrimeNumberCheckerTest"/>
  <testcase name="test" time="5.006" classname="core.PrimeNumberCheckerTest"/>
  <testcase name="test" time="5.01" classname="core.PrimeNumberCheckerTest"/>
  <testcase name="test" time="5.01" classname="core.PrimeNumberCheckerTest"/>
  <testcase name="test" time="5.007" classname="core.PrimeNumberCheckerTest"/>
  <testcase name="test" time="5.003" classname="core.PrimeNumberCheckerTest"/>
  <testcase name="test" time="5.007" classname="core.PrimeNumberCheckerTest"/>
  <testcase name="test" time="5.004" classname="core.PrimeNumberCheckerTest"/>
  <testcase name="test" time="5.011" classname="core.PrimeNumberCheckerTest"/>
  <testcase name="test" time="5.004" classname="core.PrimeNumberCheckerTest"/>
  <testcase name="test" time="5.003" classname="core.PrimeNumberCheckerTest"/>
  <testcase name="test" time="5.005" classname="core.PrimeNumberCheckerTest"/>
  <testcase name="test" time="5.004" classname="core.PrimeNumberCheckerTest"/>
  <testcase name="test" time="5.01" classname="core.PrimeNumberCheckerTest"/>
  <testcase name="test" time="5.004" classname="core.PrimeNumberCheckerTest"/>
  <testcase name="test" time="5.003" classname="core.PrimeNumberCheckerTest"/>
  <testcase name="test" time="5.007" classname="core.PrimeNumberCheckerTest"/>
  <testcase name="test" time="5.004" classname="core.PrimeNumberCheckerTest"/>
  <testcase name="test" time="5.006" classname="core.PrimeNumberCheckerTest"/>
  <testcase name="test" time="5.008" classname="core.PrimeNumberCheckerTest"/>
  <testcase name="test" time="5.004" classname="core.PrimeNumberCheckerTest"/>
  <testcase name="test" time="5.004" classname="core.PrimeNumberCheckerTest"/>
  <testcase name="test" time="5.005" classname="core.PrimeNumberCheckerTest"/>
  <testcase name="test" time="5.007" classname="core.PrimeNumberCheckerTest"/>
  <testcase name="test" time="5.005" classname="core.PrimeNumberCheckerTest"/>
  <testcase name="test" time="5.005" classname="core.PrimeNumberCheckerTest"/>
  <testcase name="test" time="5.01" classname="core.PrimeNumberCheckerTest"/>
  <testcase name="test" time="5.009" classname="core.PrimeNumberCheckerTest"/>
  <testcase name="test" time="5.009" classname="core.PrimeNumberCheckerTest"/>
  <testcase name="test" time="5.004" classname="core.PrimeNumberCheckerTest"/>
  <testcase name="test" time="5.008" classname="core.PrimeNumberCheckerTest"/>
  <testcase name="test" time="5.004" classname="core.PrimeNumberCheckerTest"/>
  <testcase name="test" time="5.007" classname="core.PrimeNumberCheckerTest"/>
  <testcase name="test" time="5.003" classname="core.PrimeNumberCheckerTest"/>
  <testcase name="test" time="5.003" classname="core.PrimeNumberCheckerTest"/>
  <testcase name="test" time="5.004" classname="core.PrimeNumberCheckerTest"/>
  <testcase name="test" time="5.007" classname="core.PrimeNumberCheckerTest"/>
  <testcase name="test" time="5.006" classname="core.PrimeNumberCheckerTest"/>
  <testcase name="test" time="5.008" classname="core.PrimeNumberCheckerTest"/>
  <testcase name="test" time="5.004" classname="core.PrimeNumberCheckerTest"/>
  <testcase name="test" time="5.007" classname="core.PrimeNumberCheckerTest"/>
  <testcase name="test" time="5.008" classname="core.PrimeNumberCheckerTest"/>
  <testcase name="test" time="5.005" classname="core.PrimeNumberCheckerTest"/>
  <testcase name="test" time="5.005" classname="core.PrimeNumberCheckerTest"/>
  <testcase name="test" time="5.004" classname="core.PrimeNumberCheckerTest"/>
  <testcase name="test" time="5.007" classname="core.PrimeNumberCheckerTest"/>
  <testcase name="test" time="5.006" classname="core.PrimeNumberCheckerTest"/>
  <testcase name="test" time="5.004" classname="core.PrimeNumberCheckerTest"/>
  <testcase name="test" time="5.004" classname="core.PrimeNumberCheckerTest"/>
  <testcase name="test" time="5.007" classname="core.PrimeNumberCheckerTest"/>
  <testcase name="test" time="5.005" classname="core.PrimeNumberCheckerTest"/>
  <testcase name="test" time="5.004" classname="core.PrimeNumberCheckerTest"/>
  <testcase name="test" time="5.005" classname="core.PrimeNumberCheckerTest"/>
  <testcase name="test" time="5.005" classname="core.PrimeNumberCheckerTest"/>
  <testcase name="test" time="5.004" classname="core.PrimeNumberCheckerTest"/>
  <testcase name="test" time="5.009" classname="core.PrimeNumberCheckerTest"/>
  <testcase name="test" time="5.005" classname="core.PrimeNumberCheckerTest"/>
  <testcase name="test" time="5.007" classname="core.PrimeNumberCheckerTest"/>
  <testcase name="test" time="5.004" classname="core.PrimeNumberCheckerTest"/>
  <testcase name="test" time="5.005" classname="core.PrimeNumberCheckerTest"/>
  <testcase name="test" time="5.005" classname="core.PrimeNumberCheckerTest"/>
  <testcase name="test" time="5.004" classname="core.PrimeNumberCheckerTest"/>
  <testcase name="test" time="5.005" classname="core.PrimeNumberCheckerTest"/>
  <testcase name="test" time="5.007" classname="core.PrimeNumberCheckerTest"/>
  <testcase name="test" time="5.008" classname="core.PrimeNumberCheckerTest"/>
  <testcase name="test" time="5.006" classname="core.PrimeNumberCheckerTest"/>
  <testcase name="test" time="5.004" classname="core.PrimeNumberCheckerTest"/>
  <testcase name="test" time="5.005" classname="core.PrimeNumberCheckerTest"/>
  <testcase name="test" time="5.004" classname="core.PrimeNumberCheckerTest"/>
  <testcase name="test" time="5.003" classname="core.PrimeNumberCheckerTest"/>
  <testcase name="test" time="5.004" classname="core.PrimeNumberCheckerTest"/>
  <testcase name="test" time="5.004" classname="core.PrimeNumberCheckerTest"/>
  <testcase name="test" time="5.005" classname="core.PrimeNumberCheckerTest"/>
  <testcase name="test" time="5.005" classname="core.PrimeNumberCheckerTest"/>
  <testcase name="test" time="5.005" classname="core.PrimeNumberCheckerTest"/>
  <testcase name="test" time="5.004" classname="core.PrimeNumberCheckerTest"/>
  <testcase name="test" time="5.008" classname="core.PrimeNumberCheckerTest"/>
  <testcase name="test" time="5.004" classname="core.PrimeNumberCheckerTest"/>
  <testcase name="test" time="5.007" classname="core.PrimeNumberCheckerTest"/>
  <testcase name="test" time="5.004" classname="core.PrimeNumberCheckerTest"/>
  <testcase name="test" time="5.005" classname="core.PrimeNumberCheckerTest"/>
  <testcase name="test" time="5.005" classname="core.PrimeNumberCheckerTest"/>
  <testcase name="test" time="5.003" classname="core.PrimeNumberCheckerTest"/>
  <testcase name="test" time="5.005" classname="core.PrimeNumberCheckerTest"/>
  <testcase name="test" time="5.005" classname="core.PrimeNumberCheckerTest"/>
  <testcase name="test" time="5.005" classname="core.PrimeNumberCheckerTest"/>
  <testcase name="test" time="5.004" classname="core.PrimeNumberCheckerTest"/>
</testsuite> <!-- Default test -->
